d:\iti\datastructure\projectteammerge\debug\pt project.bsc
d:\iti\datastructure\project framework\debug\vc143.pdb
d:\iti\datastructure\project framework\debug\vc143.idb
d:\iti\datastructure\project framework\debug\main.sbr
d:\iti\datastructure\project framework\debug\applicationmanager.sbr
d:\iti\datastructure\project framework\debug\gui.sbr
d:\iti\datastructure\project framework\debug\actionaddsquare.sbr
d:\iti\datastructure\project framework\debug\csquare.sbr
d:\iti\datastructure\project framework\debug\cfigure.sbr
d:\iti\datastructure\project framework\debug\windowinput.sbr
d:\iti\datastructure\project framework\debug\mousequeue.sbr
d:\iti\datastructure\project framework\debug\keyqueue.sbr
d:\iti\datastructure\project framework\debug\image.sbr
d:\iti\datastructure\project framework\debug\cmugraphics.sbr
d:\iti\datastructure\project framework\debug\auxil.sbr
d:\iti\datastructure\project framework\debug\chexagon.sbr
d:\iti\datastructure\project framework\debug\cellipse.sbr
d:\iti\datastructure\project framework\debug\cellipse.obj
d:\iti\datastructure\project framework\debug\chexagon.obj
d:\iti\datastructure\project framework\debug\auxil.obj
d:\iti\datastructure\project framework\debug\cmugraphics.obj
d:\iti\datastructure\project framework\debug\image.obj
d:\iti\datastructure\project framework\debug\keyqueue.obj
d:\iti\datastructure\project framework\debug\mousequeue.obj
d:\iti\datastructure\project framework\debug\windowinput.obj
d:\iti\datastructure\project framework\debug\cfigure.obj
d:\iti\datastructure\project framework\debug\csquare.obj
d:\iti\datastructure\project framework\debug\actionaddsquare.obj
d:\iti\datastructure\project framework\debug\gui.obj
d:\iti\datastructure\project framework\debug\applicationmanager.obj
d:\iti\datastructure\project framework\debug\main.obj
d:\iti\datastructure\project framework\debug\jutils.sbr
d:\iti\datastructure\project framework\debug\jquant2.sbr
d:\iti\datastructure\project framework\debug\jquant1.sbr
d:\iti\datastructure\project framework\debug\jmemnobs.sbr
d:\iti\datastructure\project framework\debug\jmemmgr.sbr
d:\iti\datastructure\project framework\debug\jidctred.sbr
d:\iti\datastructure\project framework\debug\jidctint.sbr
d:\iti\datastructure\project framework\debug\jidctfst.sbr
d:\iti\datastructure\project framework\debug\jidctflt.sbr
d:\iti\datastructure\project framework\debug\jerror.sbr
d:\iti\datastructure\project framework\debug\jdtrans.sbr
d:\iti\datastructure\project framework\debug\jdsample.sbr
d:\iti\datastructure\project framework\debug\jdpostct.sbr
d:\iti\datastructure\project framework\debug\jdphuff.sbr
d:\iti\datastructure\project framework\debug\jdmerge.sbr
d:\iti\datastructure\project framework\debug\jdmaster.sbr
d:\iti\datastructure\project framework\debug\jdmarker.sbr
d:\iti\datastructure\project framework\debug\jdmainct.sbr
d:\iti\datastructure\project framework\debug\jdinput.sbr
d:\iti\datastructure\project framework\debug\jdhuff.sbr
d:\iti\datastructure\project framework\debug\jdhuff.obj
d:\iti\datastructure\project framework\debug\jdinput.obj
d:\iti\datastructure\project framework\debug\jdmainct.obj
d:\iti\datastructure\project framework\debug\jdmarker.obj
d:\iti\datastructure\project framework\debug\jdmaster.obj
d:\iti\datastructure\project framework\debug\jdmerge.obj
d:\iti\datastructure\project framework\debug\jdphuff.obj
d:\iti\datastructure\project framework\debug\jdpostct.obj
d:\iti\datastructure\project framework\debug\jdsample.obj
d:\iti\datastructure\project framework\debug\jdtrans.obj
d:\iti\datastructure\project framework\debug\jerror.obj
d:\iti\datastructure\project framework\debug\jidctflt.obj
d:\iti\datastructure\project framework\debug\jidctfst.obj
d:\iti\datastructure\project framework\debug\jidctint.obj
d:\iti\datastructure\project framework\debug\jidctred.obj
d:\iti\datastructure\project framework\debug\jmemmgr.obj
d:\iti\datastructure\project framework\debug\jmemnobs.obj
d:\iti\datastructure\project framework\debug\jquant1.obj
d:\iti\datastructure\project framework\debug\jquant2.obj
d:\iti\datastructure\project framework\debug\jutils.obj
d:\iti\datastructure\project framework\debug\jddctmgr.sbr
d:\iti\datastructure\project framework\debug\jdcolor.sbr
d:\iti\datastructure\project framework\debug\jdcoefct.sbr
d:\iti\datastructure\project framework\debug\jdatasrc.sbr
d:\iti\datastructure\project framework\debug\jdapistd.sbr
d:\iti\datastructure\project framework\debug\jdapimin.sbr
d:\iti\datastructure\project framework\debug\jcparam.sbr
d:\iti\datastructure\project framework\debug\jcomapi.sbr
d:\iti\datastructure\project framework\debug\jpegload.sbr
d:\iti\datastructure\project framework\debug\jpegload.obj
d:\iti\datastructure\project framework\debug\jcomapi.obj
d:\iti\datastructure\project framework\debug\jcparam.obj
d:\iti\datastructure\project framework\debug\jdapimin.obj
d:\iti\datastructure\project framework\debug\jdapistd.obj
d:\iti\datastructure\project framework\debug\jdatasrc.obj
d:\iti\datastructure\project framework\debug\jdcoefct.obj
d:\iti\datastructure\project framework\debug\jdcolor.obj
d:\iti\datastructure\project framework\debug\jddctmgr.obj
d:\iti\datastructure\projectteammerge\debug\vc143.pdb
d:\iti\datastructure\projectteammerge\debug\vc143.idb
d:\iti\datastructure\projectteammerge\debug\main.sbr
d:\iti\datastructure\projectteammerge\debug\applicationmanager.sbr
d:\iti\datastructure\projectteammerge\debug\gui.sbr
d:\iti\datastructure\projectteammerge\debug\actionaddsquare.sbr
d:\iti\datastructure\projectteammerge\debug\csquare.sbr
d:\iti\datastructure\projectteammerge\debug\cfigure.sbr
d:\iti\datastructure\projectteammerge\debug\windowinput.sbr
d:\iti\datastructure\projectteammerge\debug\mousequeue.sbr
d:\iti\datastructure\projectteammerge\debug\keyqueue.sbr
d:\iti\datastructure\projectteammerge\debug\image.sbr
d:\iti\datastructure\projectteammerge\debug\cmugraphics.sbr
d:\iti\datastructure\projectteammerge\debug\auxil.sbr
d:\iti\datastructure\projectteammerge\debug\chexagon.sbr
d:\iti\datastructure\projectteammerge\debug\cellipse.sbr
d:\iti\datastructure\projectteammerge\debug\cellipse.obj
d:\iti\datastructure\projectteammerge\debug\chexagon.obj
d:\iti\datastructure\projectteammerge\debug\auxil.obj
d:\iti\datastructure\projectteammerge\debug\cmugraphics.obj
d:\iti\datastructure\projectteammerge\debug\image.obj
d:\iti\datastructure\projectteammerge\debug\keyqueue.obj
d:\iti\datastructure\projectteammerge\debug\mousequeue.obj
d:\iti\datastructure\projectteammerge\debug\windowinput.obj
d:\iti\datastructure\projectteammerge\debug\cfigure.obj
d:\iti\datastructure\projectteammerge\debug\csquare.obj
d:\iti\datastructure\projectteammerge\debug\actionaddsquare.obj
d:\iti\datastructure\projectteammerge\debug\gui.obj
d:\iti\datastructure\projectteammerge\debug\applicationmanager.obj
d:\iti\datastructure\projectteammerge\debug\main.obj
d:\iti\datastructure\projectteammerge\debug\jutils.sbr
d:\iti\datastructure\projectteammerge\debug\jquant2.sbr
d:\iti\datastructure\projectteammerge\debug\jquant1.sbr
d:\iti\datastructure\projectteammerge\debug\jmemnobs.sbr
d:\iti\datastructure\projectteammerge\debug\jmemmgr.sbr
d:\iti\datastructure\projectteammerge\debug\jidctred.sbr
d:\iti\datastructure\projectteammerge\debug\jidctint.sbr
d:\iti\datastructure\projectteammerge\debug\jidctfst.sbr
d:\iti\datastructure\projectteammerge\debug\jidctflt.sbr
d:\iti\datastructure\projectteammerge\debug\jerror.sbr
d:\iti\datastructure\projectteammerge\debug\jdtrans.sbr
d:\iti\datastructure\projectteammerge\debug\jdsample.sbr
d:\iti\datastructure\projectteammerge\debug\jdpostct.sbr
d:\iti\datastructure\projectteammerge\debug\jdphuff.sbr
d:\iti\datastructure\projectteammerge\debug\jdmerge.sbr
d:\iti\datastructure\projectteammerge\debug\jdmaster.sbr
d:\iti\datastructure\projectteammerge\debug\jdmarker.sbr
d:\iti\datastructure\projectteammerge\debug\jdmainct.sbr
d:\iti\datastructure\projectteammerge\debug\jdinput.sbr
d:\iti\datastructure\projectteammerge\debug\jdhuff.sbr
d:\iti\datastructure\projectteammerge\debug\jdhuff.obj
d:\iti\datastructure\projectteammerge\debug\jdinput.obj
d:\iti\datastructure\projectteammerge\debug\jdmainct.obj
d:\iti\datastructure\projectteammerge\debug\jdmarker.obj
d:\iti\datastructure\projectteammerge\debug\jdmaster.obj
d:\iti\datastructure\projectteammerge\debug\jdmerge.obj
d:\iti\datastructure\projectteammerge\debug\jdphuff.obj
d:\iti\datastructure\projectteammerge\debug\jdpostct.obj
d:\iti\datastructure\projectteammerge\debug\jdsample.obj
d:\iti\datastructure\projectteammerge\debug\jdtrans.obj
d:\iti\datastructure\projectteammerge\debug\jerror.obj
d:\iti\datastructure\projectteammerge\debug\jidctflt.obj
d:\iti\datastructure\projectteammerge\debug\jidctfst.obj
d:\iti\datastructure\projectteammerge\debug\jidctint.obj
d:\iti\datastructure\projectteammerge\debug\jidctred.obj
d:\iti\datastructure\projectteammerge\debug\jmemmgr.obj
d:\iti\datastructure\projectteammerge\debug\jmemnobs.obj
d:\iti\datastructure\projectteammerge\debug\jquant1.obj
d:\iti\datastructure\projectteammerge\debug\jquant2.obj
d:\iti\datastructure\projectteammerge\debug\jutils.obj
d:\iti\datastructure\projectteammerge\debug\jddctmgr.sbr
d:\iti\datastructure\projectteammerge\debug\jdcolor.sbr
d:\iti\datastructure\projectteammerge\debug\jdcoefct.sbr
d:\iti\datastructure\projectteammerge\debug\jdatasrc.sbr
d:\iti\datastructure\projectteammerge\debug\jdapistd.sbr
d:\iti\datastructure\projectteammerge\debug\jdapimin.sbr
d:\iti\datastructure\projectteammerge\debug\jcparam.sbr
d:\iti\datastructure\projectteammerge\debug\jcomapi.sbr
d:\iti\datastructure\projectteammerge\debug\jpegload.sbr
d:\iti\datastructure\projectteammerge\debug\jpegload.obj
d:\iti\datastructure\projectteammerge\debug\jcomapi.obj
d:\iti\datastructure\projectteammerge\debug\jcparam.obj
d:\iti\datastructure\projectteammerge\debug\jdapimin.obj
d:\iti\datastructure\projectteammerge\debug\jdapistd.obj
d:\iti\datastructure\projectteammerge\debug\jdatasrc.obj
d:\iti\datastructure\projectteammerge\debug\jdcoefct.obj
d:\iti\datastructure\projectteammerge\debug\jdcolor.obj
d:\iti\datastructure\projectteammerge\debug\jddctmgr.obj
d:\iti\datastructure\projectteammerge\debug\actionaddellipse.sbr
d:\iti\datastructure\projectteammerge\debug\actionaddellipse.obj
d:\iti\datastructure\projectteammerge\debug\actionaddhexagon.sbr
d:\iti\datastructure\projectteammerge\debug\actionaddhexagon.obj
d:\iti\datastructure\projectteammerge\debug\pt project.ilk
d:\iti\datastructure\projectteammerge\debug\pt project.pdb
d:\iti\datastructure\projectteammerge\debug\pt project.exe
d:\iti\datastructure\projectteammerge\debug\pt project.tlog\bscmake.command.1.tlog
d:\iti\datastructure\projectteammerge\debug\pt project.tlog\bscmake.read.1.tlog
d:\iti\datastructure\projectteammerge\debug\pt project.tlog\bscmake.write.1.tlog
d:\iti\datastructure\projectteammerge\debug\pt project.tlog\cl.command.1.tlog
d:\iti\datastructure\projectteammerge\debug\pt project.tlog\cl.items.tlog
d:\iti\datastructure\projectteammerge\debug\pt project.tlog\cl.read.1.tlog
d:\iti\datastructure\projectteammerge\debug\pt project.tlog\cl.write.1.tlog
d:\iti\datastructure\projectteammerge\debug\pt project.tlog\link.command.1.tlog
d:\iti\datastructure\projectteammerge\debug\pt project.tlog\link.read.1.tlog
d:\iti\datastructure\projectteammerge\debug\pt project.tlog\link.write.1.tlog
